INFO: [VRFC 10-2263] Analyzing Verilog file "C:/Users/Gxm/Documents/code/digital_logic/experiment_1/experiment_1.ip_user_files/bd/mux4x3/ipshared/20f2/src/and_gate_3.v" into library xil_defaultlib
INFO: [VRFC 10-311] analyzing module and_gate_3
INFO: [VRFC 10-2263] Analyzing Verilog file "C:/Users/Gxm/Documents/code/digital_logic/experiment_1/experiment_1.ip_user_files/bd/mux4x3/ip/mux4x3_and_gate_3_0_0/sim/mux4x3_and_gate_3_0_0.v" into library xil_defaultlib
INFO: [VRFC 10-311] analyzing module mux4x3_and_gate_3_0_0
INFO: [VRFC 10-2263] Analyzing Verilog file "C:/Users/Gxm/Documents/code/digital_logic/experiment_1/experiment_1.ip_user_files/bd/mux4x3/ip/mux4x3_and_gate_3_0_1/sim/mux4x3_and_gate_3_0_1.v" into library xil_defaultlib
INFO: [VRFC 10-311] analyzing module mux4x3_and_gate_3_0_1
INFO: [VRFC 10-2263] Analyzing Verilog file "C:/Users/Gxm/Documents/code/digital_logic/experiment_1/experiment_1.ip_user_files/bd/mux4x3/ip/mux4x3_and_gate_3_0_2/sim/mux4x3_and_gate_3_0_2.v" into library xil_defaultlib
INFO: [VRFC 10-311] analyzing module mux4x3_and_gate_3_0_2
INFO: [VRFC 10-2263] Analyzing Verilog file "C:/Users/Gxm/Documents/code/digital_logic/experiment_1/experiment_1.ip_user_files/bd/mux4x3/ip/mux4x3_and_gate_3_0_3/sim/mux4x3_and_gate_3_0_3.v" into library xil_defaultlib
INFO: [VRFC 10-311] analyzing module mux4x3_and_gate_3_0_3
INFO: [VRFC 10-2263] Analyzing Verilog file "C:/Users/Gxm/Documents/code/digital_logic/experiment_1/experiment_1.ip_user_files/bd/mux4x3/ipshared/8f3f/src/or_gate_4.v" into library xil_defaultlib
INFO: [VRFC 10-311] analyzing module or_gate_4
INFO: [VRFC 10-2263] Analyzing Verilog file "C:/Users/Gxm/Documents/code/digital_logic/experiment_1/experiment_1.ip_user_files/bd/mux4x3/ip/mux4x3_or_gate_4_0_0/sim/mux4x3_or_gate_4_0_0.v" into library xil_defaultlib
INFO: [VRFC 10-311] analyzing module mux4x3_or_gate_4_0_0
INFO: [VRFC 10-2263] Analyzing Verilog file "C:/Users/Gxm/Documents/code/digital_logic/experiment_1/experiment_1.ip_user_files/bd/mux4x3/sim/mux4x3.v" into library xil_defaultlib
INFO: [VRFC 10-311] analyzing module mux4x3
INFO: [VRFC 10-2263] Analyzing Verilog file "C:/Users/Gxm/Documents/code/digital_logic/experiment_1/experiment_1.ip_user_files/bd/mux4x3/ipshared/cecf/src/not_gate.v" into library xil_defaultlib
INFO: [VRFC 10-311] analyzing module not_gate
INFO: [VRFC 10-2263] Analyzing Verilog file "C:/Users/Gxm/Documents/code/digital_logic/experiment_1/experiment_1.ip_user_files/bd/mux4x3/ip/mux4x3_not_gate_0_0/sim/mux4x3_not_gate_0_0.v" into library xil_defaultlib
INFO: [VRFC 10-311] analyzing module mux4x3_not_gate_0_0
INFO: [VRFC 10-2263] Analyzing Verilog file "C:/Users/Gxm/Documents/code/digital_logic/experiment_1/experiment_1.ip_user_files/bd/mux4x3/ip/mux4x3_not_gate_0_1/sim/mux4x3_not_gate_0_1.v" into library xil_defaultlib
INFO: [VRFC 10-311] analyzing module mux4x3_not_gate_0_1
INFO: [VRFC 10-2263] Analyzing Verilog file "C:/Users/Gxm/Documents/code/digital_logic/experiment_1/experiment_1.ip_user_files/bd/mux4x3/ipshared/fd64/src/invert_1_digit_to_many.v" into library xil_defaultlib
INFO: [VRFC 10-311] analyzing module invert_1_digit_to_many
INFO: [VRFC 10-2263] Analyzing Verilog file "C:/Users/Gxm/Documents/code/digital_logic/experiment_1/experiment_1.ip_user_files/bd/mux4x3/ip/mux4x3_invert_1_digit_to_ma_0_0/sim/mux4x3_invert_1_digit_to_ma_0_0.v" into library xil_defaultlib
INFO: [VRFC 10-311] analyzing module mux4x3_invert_1_digit_to_ma_0_0
INFO: [VRFC 10-2263] Analyzing Verilog file "C:/Users/Gxm/Documents/code/digital_logic/experiment_1/experiment_1.ip_user_files/bd/mux4x3/ip/mux4x3_invert_1_digit_to_ma_0_1/sim/mux4x3_invert_1_digit_to_ma_0_1.v" into library xil_defaultlib
INFO: [VRFC 10-311] analyzing module mux4x3_invert_1_digit_to_ma_0_1
INFO: [VRFC 10-2263] Analyzing Verilog file "C:/Users/Gxm/Documents/code/digital_logic/experiment_1/experiment_1.srcs/sim_1/new/mux4x3_sim.v" into library xil_defaultlib
INFO: [VRFC 10-311] analyzing module mux4x3_sim
